#
# A fatal error has been detected by the Java Runtime Environment:
#
#  EXCEPTION_ACCESS_VIOLATION (0xc0000005) at pc=0x000000005a959535, pid=6944, tid=16824
#
# JRE version: Java(TM) SE Runtime Environment (8.0_20-b26) (build 1.8.0_20-b26)
# Java VM: Java HotSpot(TM) 64-Bit Server VM (25.20-b23 mixed mode windows-amd64 compressed oops)
# Problematic frame:
# V  [jvm.dll+0x119535]
#
# Failed to write core dump. Minidumps are not enabled by default on client versions of Windows
#
# If you would like to submit a bug report, please visit:
#   http://bugreport.sun.com/bugreport/crash.jsp
#

---------------  T H R E A D  ---------------

Current thread (0x000000001e90e800):  JavaThread "JDWP Transport Listener: dt_socket" daemon [_thread_in_vm, id=16824, stack(0x000000001f3a0000,0x000000001f4a0000)]

siginfo: ExceptionCode=0xc0000005, reading address 0xffffffffffffffff

Registers:
RAX=0x000000001f49f001, RBX=0x000000001e90e800, RCX=0x0f60000000000048, RDX=0x0000000000000000
RSP=0x000000001f49eff0, RBP=0x0f60000000000048, RSI=0x000000001f49f108, RDI=0x0000000002d69f40
R8 =0x000000001e90e800, R9 =0x0000000000008000, R10=0x72412f6c6974752f, R11=0x000000001ea452cb
R12=0x0000000000000000, R13=0x000000001e9192c8, R14=0x0000000000000000, R15=0x0000000000000000
RIP=0x000000005a959535, EFLAGS=0x0000000000010206

Top of Stack: (sp=0x000000001f49eff0)
0x000000001f49eff0:   000000001e90e800 000000001e90e800
0x000000001f49f000:   000000001f49f0b8 000000005ab5655b
0x000000001f49f010:   000000001e90e800 000000005ab72dbd
0x000000001f49f020:   0000000000000055 000000005b819149
0x000000001f49f030:   000000001e9ef2f0 000000005b822912
0x000000001f49f040:   000000001e90e800 0000000000000000
0x000000001f49f050:   0000000000000000 0000000000000000
0x000000001f49f060:   0f60000000000048 000000005b821a09
0x000000001f49f070:   000000001f49f108 000000001f49f0e0
0x000000001f49f080:   0000000000000001 000000001e9ef2f0
0x000000001f49f090:   0f60000000000048 000000005b8053b3
0x000000001f49f0a0:   000000001f49f1d0 0000000000000001
0x000000001f49f0b0:   0000000000000001 000000001e9ef2f0
0x000000001f49f0c0:   000000000000000a 0000000000000000
0x000000001f49f0d0:   0000000000000000 0000000000000000
0x000000001f49f0e0:   0000000000000001 000000005b805571 

Instructions: (pc=0x000000005a959535)
0x000000005a959515:   cc cc cc cc cc cc cc cc cc cc cc 48 83 ec 28 48
0x000000005a959525:   85 c9 75 07 33 c0 48 83 c4 28 c3 48 89 5c 24 20
0x000000005a959535:   48 8b 19 48 85 db 74 20 48 83 fb 37 74 1a 48 8b
0x000000005a959545:   13 48 8b cb ff 52 10 84 c0 74 0d 48 8b c3 48 8b 


Register to memory mapping:

RAX=0x000000001f49f001 is pointing into the stack for thread: 0x000000001e90e800
RBX=0x000000001e90e800 is a thread
RCX=0x0f60000000000048 is an unknown value
RDX=0x0000000000000000 is an unknown value
RSP=0x000000001f49eff0 is pointing into the stack for thread: 0x000000001e90e800
RBP=0x0f60000000000048 is an unknown value
RSI=0x000000001f49f108 is pointing into the stack for thread: 0x000000001e90e800
RDI=0x0000000002d69f40 is an unknown value
R8 =0x000000001e90e800 is a thread
R9 =0x0000000000008000 is an unknown value
R10=0x72412f6c6974752f is an unknown value
R11=0x000000001ea452cb is an unknown value
R12=0x0000000000000000 is an unknown value
R13=0x000000001e9192c8 is an unknown value
R14=0x0000000000000000 is an unknown value
R15=0x0000000000000000 is an unknown value


Stack: [0x000000001f3a0000,0x000000001f4a0000],  sp=0x000000001f49eff0,  free space=1019k
Native frames: (J=compiled Java code, j=interpreted, Vv=VM code, C=native code)
V  [jvm.dll+0x119535]
V  [jvm.dll+0x332dbd]
C  [jdwp.dll+0x21a09]
C  [jdwp.dll+0x53b3]
C  [jdwp.dll+0x5571]
C  [jdwp.dll+0xf09c]
C  [jdwp.dll+0x1f2c9]
C  [jdwp.dll+0x1f49e]
V  [jvm.dll+0x1aaa18]
V  [jvm.dll+0x22aac4]
V  [jvm.dll+0x283f5a]
C  [msvcr100.dll+0x21d9f]
C  [msvcr100.dll+0x21e3b]
C  [KERNEL32.DLL+0x13d2]
C  [ntdll.dll+0x15444]


---------------  P R O C E S S  ---------------

Java Threads: ( => current thread )
  0x000000001e9c3800 JavaThread "Service Thread" daemon [_thread_blocked, id=14052, stack(0x000000001faa0000,0x000000001fba0000)]
  0x000000001e941800 JavaThread "C1 CompilerThread3" daemon [_thread_blocked, id=11408, stack(0x000000001f9a0000,0x000000001faa0000)]
  0x000000001e940800 JavaThread "C2 CompilerThread2" daemon [_thread_blocked, id=13248, stack(0x000000001f8a0000,0x000000001f9a0000)]
  0x000000001e940000 JavaThread "C2 CompilerThread1" daemon [_thread_blocked, id=13368, stack(0x000000001f7a0000,0x000000001f8a0000)]
  0x000000001e93b000 JavaThread "C2 CompilerThread0" daemon [_thread_blocked, id=16972, stack(0x000000001f6a0000,0x000000001f7a0000)]
  0x000000001e928000 JavaThread "JDWP Command Reader" daemon [_thread_in_native, id=9128, stack(0x000000001f5a0000,0x000000001f6a0000)]
  0x000000001e91b800 JavaThread "JDWP Event Helper Thread" daemon [_thread_blocked, id=8024, stack(0x000000001f4a0000,0x000000001f5a0000)]
=>0x000000001e90e800 JavaThread "JDWP Transport Listener: dt_socket" daemon [_thread_in_vm, id=16824, stack(0x000000001f3a0000,0x000000001f4a0000)]
  0x000000001e906800 JavaThread "Attach Listener" daemon [_thread_blocked, id=11520, stack(0x000000001ede0000,0x000000001eee0000)]
  0x000000001e905800 JavaThread "Signal Dispatcher" daemon [_thread_blocked, id=9540, stack(0x000000001ece0000,0x000000001ede0000)]
  0x0000000002e68800 JavaThread "Finalizer" daemon [_thread_blocked, id=7964, stack(0x000000001e7e0000,0x000000001e8e0000)]
  0x0000000002e62000 JavaThread "Reference Handler" daemon [_thread_blocked, id=15844, stack(0x000000001e6e0000,0x000000001e7e0000)]
  0x0000000002d6e800 JavaThread "main" [_thread_blocked, id=11024, stack(0x0000000002bb0000,0x0000000002cb0000)]

Other Threads:
  0x000000001c918800 VMThread [stack: 0x000000001e5e0000,0x000000001e6e0000] [id=14920]
  0x000000001e92d800 WatcherThread [stack: 0x000000001fba0000,0x000000001fca0000] [id=14488]

VM state:not at safepoint (normal execution)

VM Mutex/Monitor currently owned by a thread: None

Heap:
 PSYoungGen      total 76288K, used 6553K [0x000000076af00000, 0x0000000770400000, 0x00000007c0000000)
  eden space 65536K, 10% used [0x000000076af00000,0x000000076b566790,0x000000076ef00000)
  from space 10752K, 0% used [0x000000076f980000,0x000000076f980000,0x0000000770400000)
  to   space 10752K, 0% used [0x000000076ef00000,0x000000076ef00000,0x000000076f980000)
 ParOldGen       total 175104K, used 0K [0x00000006c0c00000, 0x00000006cb700000, 0x000000076af00000)
  object space 175104K, 0% used [0x00000006c0c00000,0x00000006c0c00000,0x00000006cb700000)
 Metaspace       used 3565K, capacity 5048K, committed 5376K, reserved 1056768K
  class space    used 343K, capacity 424K, committed 512K, reserved 1048576K

Card table byte_map: [0x0000000012230000,0x0000000012a30000] byte_map_base: 0x000000000ec2a000

Marking Bits: (ParMarkBitMap*) 0x000000005b01b460
 Begin Bits: [0x0000000013790000, 0x0000000017760000)
 End Bits:   [0x0000000017760000, 0x000000001b730000)

Polling page: 0x00000000012b0000

CodeCache: size=245760Kb used=1307Kb max_used=1307Kb free=244452Kb
 bounds [0x0000000002e70000, 0x00000000030e0000, 0x0000000011e70000]
 total_blobs=353 nmethods=117 adapters=158
 compilation: enabled

Compilation events (10 events):
Event: 2287.282 Thread 0x000000001e941800  113       3       java.lang.StringBuilder::append (8 bytes)
Event: 2287.282 Thread 0x000000001e941800 nmethod 113 0x0000000002fb4c90 code [0x0000000002fb4e00, 0x0000000002fb4fa8]
Event: 2287.282 Thread 0x000000001e941800  114       3       java.lang.AbstractStringBuilder::append (62 bytes)
Event: 2287.282 Thread 0x000000001e941800 nmethod 114 0x0000000002fb5050 code [0x0000000002fb5220, 0x0000000002fb5908]
Event: 2314.970 Thread 0x000000001e941800  115       3       java.util.ArrayList::iterator (10 bytes)
Event: 2314.971 Thread 0x000000001e941800 nmethod 115 0x0000000002fb5cd0 code [0x0000000002fb5e40, 0x0000000002fb6130]
Event: 2314.971 Thread 0x000000001e941800  116       3       java.util.ArrayList$Itr::<init> (6 bytes)
Event: 2314.971 Thread 0x000000001e941800 nmethod 116 0x0000000002fb6290 code [0x0000000002fb6400, 0x0000000002fb6650]
Event: 2314.971 Thread 0x000000001e941800  117       3       java.lang.StringBuilder::append (9 bytes)
Event: 2314.971 Thread 0x000000001e941800 nmethod 117 0x0000000002fb6790 code [0x0000000002fb6920, 0x0000000002fb6d18]

GC Heap History (0 events):
No events

Deoptimization events (0 events):
No events

Internal exceptions (10 events):
Event: 0.110 Thread 0x0000000002d6e800 Exception <a 'java/security/PrivilegedActionException'> (0x000000076afed250) thrown at [D:\re\workspace\8-2-build-windows-amd64-cygwin\jdk8u20\1074\hotspot\src\share\vm\prims\jvm.cpp, line 1275]
Event: 0.111 Thread 0x0000000002d6e800 Exception <a 'java/security/PrivilegedActionException'> (0x000000076aff4588) thrown at [D:\re\workspace\8-2-build-windows-amd64-cygwin\jdk8u20\1074\hotspot\src\share\vm\prims\jvm.cpp, line 1275]
Event: 0.113 Thread 0x0000000002d6e800 Exception <a 'java/security/PrivilegedActionException'> (0x000000076b00a840) thrown at [D:\re\workspace\8-2-build-windows-amd64-cygwin\jdk8u20\1074\hotspot\src\share\vm\prims\jvm.cpp, line 1275]
Event: 0.117 Thread 0x0000000002d6e800 Exception <a 'java/security/PrivilegedActionException'> (0x000000076b029008) thrown at [D:\re\workspace\8-2-build-windows-amd64-cygwin\jdk8u20\1074\hotspot\src\share\vm\prims\jvm.cpp, line 1275]
Event: 0.118 Thread 0x0000000002d6e800 Exception <a 'java/security/PrivilegedActionException'> (0x000000076b02af58) thrown at [D:\re\workspace\8-2-build-windows-amd64-cygwin\jdk8u20\1074\hotspot\src\share\vm\prims\jvm.cpp, line 1275]
Event: 0.119 Thread 0x0000000002d6e800 Exception <a 'java/security/PrivilegedActionException'> (0x000000076b02d3a8) thrown at [D:\re\workspace\8-2-build-windows-amd64-cygwin\jdk8u20\1074\hotspot\src\share\vm\prims\jvm.cpp, line 1275]
Event: 0.119 Thread 0x0000000002d6e800 Exception <a 'java/security/PrivilegedActionException'> (0x000000076b02fa10) thrown at [D:\re\workspace\8-2-build-windows-amd64-cygwin\jdk8u20\1074\hotspot\src\share\vm\prims\jvm.cpp, line 1275]
Event: 0.120 Thread 0x0000000002d6e800 Exception <a 'java/security/PrivilegedActionException'> (0x000000076b031860) thrown at [D:\re\workspace\8-2-build-windows-amd64-cygwin\jdk8u20\1074\hotspot\src\share\vm\prims\jvm.cpp, line 1275]
Event: 0.268 Thread 0x0000000002d6e800 Exception <a 'java/security/PrivilegedActionException'> (0x000000076b036eb8) thrown at [D:\re\workspace\8-2-build-windows-amd64-cygwin\jdk8u20\1074\hotspot\src\share\vm\prims\jvm.cpp, line 1275]
Event: 0.281 Thread 0x0000000002d6e800 Exception <a 'java/security/PrivilegedActionException'> (0x000000076b041a00) thrown at [D:\re\workspace\8-2-build-windows-amd64-cygwin\jdk8u20\1074\hotspot\src\share\vm\prims\jvm.cpp, line 1275]

Events (10 events):
Event: 93164.616 Executing VM operation: ChangeBreakpoints
Event: 93164.617 Executing VM operation: ChangeBreakpoints done
Event: 93167.766 Executing VM operation: ChangeBreakpoints
Event: 93167.766 Executing VM operation: ChangeBreakpoints done
Event: 93167.766 Executing VM operation: ChangeBreakpoints
Event: 93167.766 Executing VM operation: ChangeBreakpoints done
Event: 93167.766 Executing VM operation: ChangeBreakpoints
Event: 93167.766 Executing VM operation: ChangeBreakpoints done
Event: 93167.771 Executing VM operation: RedefineClasses
Event: 93167.771 Executing VM operation: RedefineClasses done


Dynamic libraries:
0x00007ff713370000 - 0x00007ff7133a4000 	C:\Program Files\Java\jdk1.8.0_20\bin\java.exe
0x00007ff8be370000 - 0x00007ff8be51c000 	C:\WINDOWS\SYSTEM32\ntdll.dll
0x00007ff8be1d0000 - 0x00007ff8be30e000 	C:\WINDOWS\system32\KERNEL32.DLL
0x00007ff8bb8e0000 - 0x00007ff8bb9f5000 	C:\WINDOWS\system32\KERNELBASE.dll
0x00007ff8b9f70000 - 0x00007ff8b9ffe000 	C:\WINDOWS\system32\apphelp.dll
0x00007ff8a6940000 - 0x00007ff8a6993000 	C:\WINDOWS\AppPatch\AppPatch64\AcGenral.DLL
0x00007ff8bda40000 - 0x00007ff8bdaea000 	C:\WINDOWS\system32\msvcrt.dll
0x00007ff8bb2a0000 - 0x00007ff8bb2ce000 	C:\WINDOWS\SYSTEM32\SspiCli.dll
0x00007ff8bbc30000 - 0x00007ff8bbc84000 	C:\WINDOWS\system32\SHLWAPI.dll
0x00007ff8bdbc0000 - 0x00007ff8bdd37000 	C:\WINDOWS\system32\USER32.dll
0x00007ff8bd8a0000 - 0x00007ff8bda34000 	C:\WINDOWS\system32\ole32.dll
0x00007ff8bc1d0000 - 0x00007ff8bd6e9000 	C:\WINDOWS\system32\SHELL32.dll
0x00007ff8baa70000 - 0x00007ff8baa91000 	C:\WINDOWS\SYSTEM32\USERENV.dll
0x00007ff8bc020000 - 0x00007ff8bc0ca000 	C:\WINDOWS\system32\ADVAPI32.dll
0x00007ff8ae4c0000 - 0x00007ff8ae4de000 	C:\WINDOWS\SYSTEM32\MPR.dll
0x00007ff8bbe10000 - 0x00007ff8bbf51000 	C:\WINDOWS\system32\RPCRT4.dll
0x00007ff8be310000 - 0x00007ff8be369000 	C:\WINDOWS\SYSTEM32\sechost.dll
0x00007ff8bba00000 - 0x00007ff8bbc11000 	C:\WINDOWS\SYSTEM32\combase.dll
0x00007ff8bbc90000 - 0x00007ff8bbde0000 	C:\WINDOWS\system32\GDI32.dll
0x00007ff8bb4d0000 - 0x00007ff8bb4e5000 	C:\WINDOWS\SYSTEM32\profapi.dll
0x00007ff8ba000000 - 0x00007ff8ba0b2000 	C:\WINDOWS\SYSTEM32\SHCORE.dll
0x00007ff8bc0d0000 - 0x00007ff8bc106000 	C:\WINDOWS\system32\IMM32.DLL
0x00007ff8be060000 - 0x00007ff8be1b2000 	C:\WINDOWS\system32\MSCTF.dll
0x00007ff8b7ce0000 - 0x00007ff8b7f5a000 	C:\WINDOWS\WinSxS\amd64_microsoft.windows.common-controls_6595b64144ccf1df_6.0.9600.17810_none_6240b9c7ecbd0bda\COMCTL32.dll
0x000000005b8c0000 - 0x000000005b992000 	C:\Program Files\Java\jdk1.8.0_20\jre\bin\msvcr100.dll
0x000000005a840000 - 0x000000005b098000 	C:\Program Files\Java\jdk1.8.0_20\jre\bin\server\jvm.dll
0x00007ff8b2400000 - 0x00007ff8b2409000 	C:\WINDOWS\SYSTEM32\WSOCK32.dll
0x00007ff8b7760000 - 0x00007ff8b7782000 	C:\WINDOWS\SYSTEM32\WINMM.dll
0x00007ff8bbc20000 - 0x00007ff8bbc27000 	C:\WINDOWS\system32\PSAPI.DLL
0x00007ff8be000000 - 0x00007ff8be05a000 	C:\WINDOWS\system32\WS2_32.dll
0x00007ff8b7720000 - 0x00007ff8b774a000 	C:\WINDOWS\SYSTEM32\WINMMBASE.dll
0x00007ff8bde10000 - 0x00007ff8bde19000 	C:\WINDOWS\system32\NSI.dll
0x00007ff8bb780000 - 0x00007ff8bb7cf000 	C:\WINDOWS\SYSTEM32\cfgmgr32.dll
0x00007ff8ba2a0000 - 0x00007ff8ba2c8000 	C:\WINDOWS\SYSTEM32\DEVOBJ.dll
0x000000005b8b0000 - 0x000000005b8bf000 	C:\Program Files\Java\jdk1.8.0_20\jre\bin\verify.dll
0x000000005b880000 - 0x000000005b8a8000 	C:\Program Files\Java\jdk1.8.0_20\jre\bin\java.dll
0x000000005b800000 - 0x000000005b835000 	C:\Program Files\Java\jdk1.8.0_20\jre\bin\jdwp.dll
0x000000005b7f0000 - 0x000000005b7f8000 	C:\Program Files\Java\jdk1.8.0_20\jre\bin\npt.dll
0x000000005b860000 - 0x000000005b876000 	C:\Program Files\Java\jdk1.8.0_20\jre\bin\zip.dll
0x000000005b7e0000 - 0x000000005b7e9000 	C:\Program Files\Java\jdk1.8.0_20\jre\bin\dt_socket.dll
0x00007ff8ba530000 - 0x00007ff8ba547000 	C:\WINDOWS\system32\WTFastDrv.dll
0x00007ff8bace0000 - 0x00007ff8bad39000 	C:\WINDOWS\system32\mswsock.dll
0x00007ff8a43d0000 - 0x00007ff8a4559000 	C:\WINDOWS\SYSTEM32\dbghelp.dll

VM Arguments:
jvm_args: -agentlib:jdwp=transport=dt_socket,address=127.0.0.1:51100,suspend=y,server=n -Dfile.encoding=UTF-8 
java_command: Main
java_class_path (initial): C:\Program Files\Java\jdk1.8.0_20\jre\lib\charsets.jar;C:\Program Files\Java\jdk1.8.0_20\jre\lib\deploy.jar;C:\Program Files\Java\jdk1.8.0_20\jre\lib\javaws.jar;C:\Program Files\Java\jdk1.8.0_20\jre\lib\jce.jar;C:\Program Files\Java\jdk1.8.0_20\jre\lib\jfr.jar;C:\Program Files\Java\jdk1.8.0_20\jre\lib\jfxswt.jar;C:\Program Files\Java\jdk1.8.0_20\jre\lib\jsse.jar;C:\Program Files\Java\jdk1.8.0_20\jre\lib\management-agent.jar;C:\Program Files\Java\jdk1.8.0_20\jre\lib\plugin.jar;C:\Program Files\Java\jdk1.8.0_20\jre\lib\resources.jar;C:\Program Files\Java\jdk1.8.0_20\jre\lib\rt.jar;C:\Program Files\Java\jdk1.8.0_20\jre\lib\ext\access-bridge-64.jar;C:\Program Files\Java\jdk1.8.0_20\jre\lib\ext\cldrdata.jar;C:\Program Files\Java\jdk1.8.0_20\jre\lib\ext\dnsns.jar;C:\Program Files\Java\jdk1.8.0_20\jre\lib\ext\jaccess.jar;C:\Program Files\Java\jdk1.8.0_20\jre\lib\ext\jfxrt.jar;C:\Program Files\Java\jdk1.8.0_20\jre\lib\ext\localedata.jar;C:\Program Files\Java\jdk1.8.0_20\jre\lib\ext\nashorn.jar;C:\Program Files\Java\jdk1.8.0_20\jre\lib\ext\sunec.jar;C:\Program Files\Java\jdk1.8.0_20\jre\lib\ext\sunjce_provider.jar;C:\Program Files\Java\jdk1.8.0_20\jre\lib\ext\sunmscapi.jar;C:\Program Files\Java\jdk1.8.0_20\jre\lib\ext\sunpkcs11.jar;C:\Program Files\Java\jdk1.8.0_20\jre\lib\ext\zipfs.jar;C:\Users\Sadruddin\IdeaProjects\JSONDiseases\out\production\JSONDiseases;C:\Users\Sadruddin\Desktop\Boston Childrens Interview\json-20150729.jar;C:\Program Files (x86)\JetBrains\IntelliJ IDEA 13.1.4\lib\idea_rt.jar
Launcher Type: SUN_STANDARD

Environment Variables:
CLASSPATH=.;C:\Program Files (x86)\Java\jre7\lib\ext\QTJava.zip
PATH=C:\ProgramData\Oracle\Java\javapath;C:\Program Files (x86)\NVIDIA Corporation\PhysX\Common;C:\Program Files (x86)\Intel\iCLS Client\;C:\Program Files\Intel\iCLS Client\;C:\WINDOWS\system32;C:\WINDOWS;C:\WINDOWS\System32\Wbem;C:\WINDOWS\System32\WindowsPowerShell\v1.0\;C:\Program Files\Intel\Intel(R) Management Engine Components\DAL;C:\Program Files\Intel\Intel(R) Management Engine Components\IPT;C:\Program Files (x86)\Intel\Intel(R) Management Engine Components\DAL;C:\Program Files (x86)\Intel\Intel(R) Management Engine Components\IPT;C:\Program Files\Intel\WiFi\bin\;C:\Program Files\Common Files\Intel\WirelessCommon\;C:\Program Files\Diskeeper Corporation\ExpressCache\;C:\Program Files (x86)\PharosSystems\Core;C:\Program Files (x86)\QuickTime\QTSystem\;C:\Program Files (x86)\Skype\Phone\
USERNAME=Sadruddin
OS=Windows_NT
PROCESSOR_IDENTIFIER=Intel64 Family 6 Model 58 Stepping 9, GenuineIntel



---------------  S Y S T E M  ---------------

OS: Windows 8.1 , 64 bit Build 9600 

CPU:total 8 (4 cores per cpu, 2 threads per core) family 6 model 58 stepping 9, cmov, cx8, fxsr, mmx, sse, sse2, sse3, ssse3, sse4.1, sse4.2, popcnt, avx, aes, clmul, erms, ht, tsc, tscinvbit, tscinv

Memory: 4k page, physical 16723228k(6220288k free), swap 21712516k(3239080k free)

vm_info: Java HotSpot(TM) 64-Bit Server VM (25.20-b23) for windows-amd64 JRE (1.8.0_20-b26), built on Jul 30 2014 13:51:23 by "java_re" with MS VC++ 10.0 (VS2010)

time: Sat Oct 24 13:13:05 2015
elapsed time: 93167 seconds (1d 1h 52m 47s)

