#
# A fatal error has been detected by the Java Runtime Environment:
#
#  EXCEPTION_ACCESS_VIOLATION (0xc0000005) at pc=0x000000005a959535, pid=15968, tid=16600
#
# JRE version: Java(TM) SE Runtime Environment (8.0_20-b26) (build 1.8.0_20-b26)
# Java VM: Java HotSpot(TM) 64-Bit Server VM (25.20-b23 mixed mode windows-amd64 compressed oops)
# Problematic frame:
# V  [jvm.dll+0x119535]
#
# Failed to write core dump. Minidumps are not enabled by default on client versions of Windows
#
# If you would like to submit a bug report, please visit:
#   http://bugreport.sun.com/bugreport/crash.jsp
#

---------------  T H R E A D  ---------------

Current thread (0x000000001e5fe800):  JavaThread "JDWP Transport Listener: dt_socket" daemon [_thread_in_vm, id=16600, stack(0x000000001ebd0000,0x000000001ecd0000)]

siginfo: ExceptionCode=0xc0000005, reading address 0x0000000000000008

Registers:
RAX=0x000000001eccf101, RBX=0x000000001e5fe800, RCX=0x0000000000000008, RDX=0x0000000000000000
RSP=0x000000001eccf0e0, RBP=0x0000000000000008, RSI=0x000000001eccf1f8, RDI=0x0000000002a29f40
R8 =0x000000001e5fe800, R9 =0x0000000000008000, R10=0x0000000000000000, R11=0x000000001eccf3da
R12=0x0000000000000000, R13=0x000000001e6092c8, R14=0x0000000000000000, R15=0x0000000000000000
RIP=0x000000005a959535, EFLAGS=0x0000000000010202

Top of Stack: (sp=0x000000001eccf0e0)
0x000000001eccf0e0:   000000001e5fe800 000000001e5fe800
0x000000001eccf0f0:   000000001eccf1a8 000000005ab5655b
0x000000001eccf100:   000000001e5fe800 000000005ab72dbd
0x000000001eccf110:   0000000000000000 000000005b859149
0x000000001eccf120:   000000001e6e5f38 000000005b862912
0x000000001eccf130:   000000001e5fe800 0000000000000000
0x000000001eccf140:   0000000000000000 0000000000000000
0x000000001eccf150:   0000000000000008 000000005b861a09
0x000000001eccf160:   000000001eccf1f8 000000001eccf1d0
0x000000001eccf170:   0000000000000001 000000001e6e5f38
0x000000001eccf180:   0000000000000008 000000005b8453b3
0x000000001eccf190:   000000001eccf2c0 0000000000000001
0x000000001eccf1a0:   0000000000000001 000000001e6e5f38
0x000000001eccf1b0:   0000000000000009 0000000000000000
0x000000001eccf1c0:   0000000000000000 0000000000000000
0x000000001eccf1d0:   0000000000000001 000000005b845571 

Instructions: (pc=0x000000005a959535)
0x000000005a959515:   cc cc cc cc cc cc cc cc cc cc cc 48 83 ec 28 48
0x000000005a959525:   85 c9 75 07 33 c0 48 83 c4 28 c3 48 89 5c 24 20
0x000000005a959535:   48 8b 19 48 85 db 74 20 48 83 fb 37 74 1a 48 8b
0x000000005a959545:   13 48 8b cb ff 52 10 84 c0 74 0d 48 8b c3 48 8b 


Register to memory mapping:

RAX=0x000000001eccf101 is pointing into the stack for thread: 0x000000001e5fe800
RBX=0x000000001e5fe800 is a thread
RCX=0x0000000000000008 is an unknown value
RDX=0x0000000000000000 is an unknown value
RSP=0x000000001eccf0e0 is pointing into the stack for thread: 0x000000001e5fe800
RBP=0x0000000000000008 is an unknown value
RSI=0x000000001eccf1f8 is pointing into the stack for thread: 0x000000001e5fe800
RDI=0x0000000002a29f40 is an unknown value
R8 =0x000000001e5fe800 is a thread
R9 =0x0000000000008000 is an unknown value
R10=0x0000000000000000 is an unknown value
R11=0x000000001eccf3da is pointing into the stack for thread: 0x000000001e5fe800
R12=0x0000000000000000 is an unknown value
R13=0x000000001e6092c8 is an unknown value
R14=0x0000000000000000 is an unknown value
R15=0x0000000000000000 is an unknown value


Stack: [0x000000001ebd0000,0x000000001ecd0000],  sp=0x000000001eccf0e0,  free space=1020k
Native frames: (J=compiled Java code, j=interpreted, Vv=VM code, C=native code)
V  [jvm.dll+0x119535]
V  [jvm.dll+0x332dbd]
C  [jdwp.dll+0x21a09]
C  [jdwp.dll+0x53b3]
C  [jdwp.dll+0x5571]
C  [jdwp.dll+0xf09c]
C  [jdwp.dll+0x1f2c9]
C  [jdwp.dll+0x1f49e]
V  [jvm.dll+0x1aaa18]
V  [jvm.dll+0x22aac4]
V  [jvm.dll+0x283f5a]
C  [msvcr100.dll+0x21d9f]
C  [msvcr100.dll+0x21e3b]
C  [KERNEL32.DLL+0x13d2]
C  [ntdll.dll+0x15444]


---------------  P R O C E S S  ---------------

Java Threads: ( => current thread )
  0x000000001e6a7000 JavaThread "Service Thread" daemon [_thread_blocked, id=17140, stack(0x000000001f740000,0x000000001f840000)]
  0x000000001e632000 JavaThread "C1 CompilerThread3" daemon [_thread_blocked, id=14656, stack(0x000000001f640000,0x000000001f740000)]
  0x000000001e631000 JavaThread "C2 CompilerThread2" daemon [_thread_blocked, id=17228, stack(0x000000001f540000,0x000000001f640000)]
  0x000000001e630800 JavaThread "C2 CompilerThread1" daemon [_thread_blocked, id=3964, stack(0x000000001f440000,0x000000001f540000)]
  0x000000001e62b800 JavaThread "C2 CompilerThread0" daemon [_thread_blocked, id=16844, stack(0x000000001f340000,0x000000001f440000)]
  0x000000001e60e800 JavaThread "JDWP Command Reader" daemon [_thread_in_native, id=13672, stack(0x000000001f240000,0x000000001f340000)]
  0x000000001e60b800 JavaThread "JDWP Event Helper Thread" daemon [_thread_blocked, id=16692, stack(0x000000001f140000,0x000000001f240000)]
=>0x000000001e5fe800 JavaThread "JDWP Transport Listener: dt_socket" daemon [_thread_in_vm, id=16600, stack(0x000000001ebd0000,0x000000001ecd0000)]
  0x000000001e5f6800 JavaThread "Attach Listener" daemon [_thread_blocked, id=10316, stack(0x000000001ead0000,0x000000001ebd0000)]
  0x000000001e5f5800 JavaThread "Signal Dispatcher" daemon [_thread_blocked, id=8304, stack(0x000000001e9d0000,0x000000001ead0000)]
  0x0000000002b29000 JavaThread "Finalizer" daemon [_thread_blocked, id=11612, stack(0x000000001e4d0000,0x000000001e5d0000)]
  0x0000000002b22000 JavaThread "Reference Handler" daemon [_thread_blocked, id=12292, stack(0x000000001e3d0000,0x000000001e4d0000)]
  0x0000000002a2e800 JavaThread "main" [_thread_blocked, id=7452, stack(0x0000000002880000,0x0000000002980000)]

Other Threads:
  0x000000001c5d8800 VMThread [stack: 0x000000001e2d0000,0x000000001e3d0000] [id=13348]
  0x000000001e620800 WatcherThread [stack: 0x000000001f840000,0x000000001f940000] [id=15696]

VM state:not at safepoint (normal execution)

VM Mutex/Monitor currently owned by a thread: None

Heap:
 PSYoungGen      total 76288K, used 5243K [0x000000076af00000, 0x0000000770400000, 0x00000007c0000000)
  eden space 65536K, 8% used [0x000000076af00000,0x000000076b41ec68,0x000000076ef00000)
  from space 10752K, 0% used [0x000000076f980000,0x000000076f980000,0x0000000770400000)
  to   space 10752K, 0% used [0x000000076ef00000,0x000000076ef00000,0x000000076f980000)
 ParOldGen       total 175104K, used 0K [0x00000006c0c00000, 0x00000006cb700000, 0x000000076af00000)
  object space 175104K, 0% used [0x00000006c0c00000,0x00000006c0c00000,0x00000006cb700000)
 Metaspace       used 2826K, capacity 4564K, committed 4864K, reserved 1056768K
  class space    used 305K, capacity 388K, committed 512K, reserved 1048576K

Card table byte_map: [0x0000000011ef0000,0x00000000126f0000] byte_map_base: 0x000000000e8ea000

Marking Bits: (ParMarkBitMap*) 0x000000005b01b460
 Begin Bits: [0x0000000013450000, 0x0000000017420000)
 End Bits:   [0x0000000017420000, 0x000000001b3f0000)

Polling page: 0x00000000010b0000

CodeCache: size=245760Kb used=1175Kb max_used=1175Kb free=244584Kb
 bounds [0x0000000002b30000, 0x0000000002da0000, 0x0000000011b30000]
 total_blobs=283 nmethods=55 adapters=150
 compilation: enabled

Compilation events (10 events):
Event: 0.111 Thread 0x000000001e632000   47       3       java.util.HashMap$Node::<init> (26 bytes)
Event: 0.111 Thread 0x000000001e632000 nmethod 47 0x0000000002c54690 code [0x0000000002c547e0, 0x0000000002c549f0]
Event: 0.112 Thread 0x000000001e632000   51       1       java.net.URL::getAuthority (5 bytes)
Event: 0.112 Thread 0x000000001e632000 nmethod 51 0x0000000002c54ad0 code [0x0000000002c54c20, 0x0000000002c54d30]
Event: 0.112 Thread 0x000000001e632000   52       1       java.net.URL::getPath (5 bytes)
Event: 0.112 Thread 0x000000001e632000 nmethod 52 0x0000000002c54d90 code [0x0000000002c54ee0, 0x0000000002c54ff0]
Event: 0.112 Thread 0x000000001e632000   53  s    1       java.util.Vector::size (5 bytes)
Event: 0.112 Thread 0x000000001e632000 nmethod 53 0x0000000002c55050 code [0x0000000002c551a0, 0x0000000002c55410]
Event: 0.114 Thread 0x000000001e632000   55       3       java.io.WinNTFileSystem::normalize (143 bytes)
Event: 0.114 Thread 0x000000001e632000 nmethod 55 0x0000000002c55490 code [0x0000000002c55680, 0x0000000002c55f08]

GC Heap History (0 events):
No events

Deoptimization events (0 events):
No events

Internal exceptions (3 events):
Event: 0.025 Thread 0x0000000002a2e800 Exception <a 'java/lang/NoSuchMethodError': Method sun.misc.Unsafe.defineClass(Ljava/lang/String;[BII)Ljava/lang/Class; name or signature does not match> (0x000000076af0d1c8) thrown at [D:\re\workspace\8-2-build-windows-amd64-cygwin\jdk8u20\1074\hotspot\srË+)ùø™?
Event: 0.025 Thread 0x0000000002a2e800 Exception <a 'java/lang/NoSuchMethodError': Method sun.misc.Unsafe.prefetchRead(Ljava/lang/Object;J)V name or signature does not match> (0x000000076af0d458) thrown at [D:\re\workspace\8-2-build-windows-amd64-cygwin\jdk8u20\1074\hotspot\src\share\vm\prims\jcüïÉ-û¶?
Event: 0.090 Thread 0x0000000002a2e800 Exception <a 'java/security/PrivilegedActionException'> (0x000000076af6be68) thrown at [D:\re\workspace\8-2-build-windows-amd64-cygwin\jdk8u20\1074\hotspot\src\share\vm\prims\jvm.cpp, line 1275]

Events (10 events):
Event: 592.606 Executing VM operation: ChangeBreakpoints
Event: 592.606 Executing VM operation: ChangeBreakpoints done
Event: 631.306 Executing VM operation: ChangeBreakpoints
Event: 631.306 Executing VM operation: ChangeBreakpoints done
Event: 780.463 Executing VM operation: ChangeBreakpoints
Event: 780.463 Executing VM operation: ChangeBreakpoints done
Event: 782.004 Executing VM operation: ChangeBreakpoints
Event: 782.004 Executing VM operation: ChangeBreakpoints done
Event: 2553.063 Executing VM operation: RedefineClasses
Event: 2553.064 Executing VM operation: RedefineClasses done


Dynamic libraries:
0x00007ff713370000 - 0x00007ff7133a4000 	C:\Program Files\Java\jdk1.8.0_20\bin\java.exe
0x00007ff8be370000 - 0x00007ff8be51c000 	C:\WINDOWS\SYSTEM32\ntdll.dll
0x00007ff8be1d0000 - 0x00007ff8be30e000 	C:\WINDOWS\system32\KERNEL32.DLL
0x00007ff8bb8e0000 - 0x00007ff8bb9f5000 	C:\WINDOWS\system32\KERNELBASE.dll
0x00007ff8b9f70000 - 0x00007ff8b9ffe000 	C:\WINDOWS\system32\apphelp.dll
0x00007ff8a6940000 - 0x00007ff8a6993000 	C:\WINDOWS\AppPatch\AppPatch64\AcGenral.DLL
0x00007ff8bda40000 - 0x00007ff8bdaea000 	C:\WINDOWS\system32\msvcrt.dll
0x00007ff8bb2a0000 - 0x00007ff8bb2ce000 	C:\WINDOWS\SYSTEM32\SspiCli.dll
0x00007ff8bbc30000 - 0x00007ff8bbc84000 	C:\WINDOWS\system32\SHLWAPI.dll
0x00007ff8bdbc0000 - 0x00007ff8bdd37000 	C:\WINDOWS\system32\USER32.dll
0x00007ff8bd8a0000 - 0x00007ff8bda34000 	C:\WINDOWS\system32\ole32.dll
0x00007ff8bc1d0000 - 0x00007ff8bd6e9000 	C:\WINDOWS\system32\SHELL32.dll
0x00007ff8baa70000 - 0x00007ff8baa91000 	C:\WINDOWS\SYSTEM32\USERENV.dll
0x00007ff8bc020000 - 0x00007ff8bc0ca000 	C:\WINDOWS\system32\ADVAPI32.dll
0x00007ff8ae4c0000 - 0x00007ff8ae4de000 	C:\WINDOWS\SYSTEM32\MPR.dll
0x00007ff8bbe10000 - 0x00007ff8bbf51000 	C:\WINDOWS\system32\RPCRT4.dll
0x00007ff8be310000 - 0x00007ff8be369000 	C:\WINDOWS\SYSTEM32\sechost.dll
0x00007ff8bba00000 - 0x00007ff8bbc11000 	C:\WINDOWS\SYSTEM32\combase.dll
0x00007ff8bbc90000 - 0x00007ff8bbde0000 	C:\WINDOWS\system32\GDI32.dll
0x00007ff8bb4d0000 - 0x00007ff8bb4e5000 	C:\WINDOWS\SYSTEM32\profapi.dll
0x00007ff8ba000000 - 0x00007ff8ba0b2000 	C:\WINDOWS\SYSTEM32\SHCORE.dll
0x00007ff8bc0d0000 - 0x00007ff8bc106000 	C:\WINDOWS\system32\IMM32.DLL
0x00007ff8be060000 - 0x00007ff8be1b2000 	C:\WINDOWS\system32\MSCTF.dll
0x00007ff8b7ce0000 - 0x00007ff8b7f5a000 	C:\WINDOWS\WinSxS\amd64_microsoft.windows.common-controls_6595b64144ccf1df_6.0.9600.17810_none_6240b9c7ecbd0bda\COMCTL32.dll
0x000000005b8c0000 - 0x000000005b992000 	C:\Program Files\Java\jdk1.8.0_20\jre\bin\msvcr100.dll
0x000000005a840000 - 0x000000005b098000 	C:\Program Files\Java\jdk1.8.0_20\jre\bin\server\jvm.dll
0x00007ff8b2400000 - 0x00007ff8b2409000 	C:\WINDOWS\SYSTEM32\WSOCK32.dll
0x00007ff8b7760000 - 0x00007ff8b7782000 	C:\WINDOWS\SYSTEM32\WINMM.dll
0x00007ff8bbc20000 - 0x00007ff8bbc27000 	C:\WINDOWS\system32\PSAPI.DLL
0x00007ff8be000000 - 0x00007ff8be05a000 	C:\WINDOWS\system32\WS2_32.dll
0x00007ff8b7720000 - 0x00007ff8b774a000 	C:\WINDOWS\SYSTEM32\WINMMBASE.dll
0x00007ff8bde10000 - 0x00007ff8bde19000 	C:\WINDOWS\system32\NSI.dll
0x00007ff8bb780000 - 0x00007ff8bb7cf000 	C:\WINDOWS\SYSTEM32\cfgmgr32.dll
0x00007ff8ba2a0000 - 0x00007ff8ba2c8000 	C:\WINDOWS\SYSTEM32\DEVOBJ.dll
0x000000005b8b0000 - 0x000000005b8bf000 	C:\Program Files\Java\jdk1.8.0_20\jre\bin\verify.dll
0x000000005b880000 - 0x000000005b8a8000 	C:\Program Files\Java\jdk1.8.0_20\jre\bin\java.dll
0x000000005b840000 - 0x000000005b875000 	C:\Program Files\Java\jdk1.8.0_20\jre\bin\jdwp.dll
0x000000005b830000 - 0x000000005b838000 	C:\Program Files\Java\jdk1.8.0_20\jre\bin\npt.dll
0x000000005b810000 - 0x000000005b826000 	C:\Program Files\Java\jdk1.8.0_20\jre\bin\zip.dll
0x000000005b800000 - 0x000000005b809000 	C:\Program Files\Java\jdk1.8.0_20\jre\bin\dt_socket.dll
0x00007ff8ba530000 - 0x00007ff8ba547000 	C:\WINDOWS\system32\WTFastDrv.dll
0x00007ff8bace0000 - 0x00007ff8bad39000 	C:\WINDOWS\system32\mswsock.dll
0x00007ff8a43d0000 - 0x00007ff8a4559000 	C:\WINDOWS\SYSTEM32\dbghelp.dll

VM Arguments:
jvm_args: -agentlib:jdwp=transport=dt_socket,address=127.0.0.1:58076,suspend=y,server=n -Dfile.encoding=UTF-8 
java_command: Main
java_class_path (initial): C:\Program Files\Java\jdk1.8.0_20\jre\lib\charsets.jar;C:\Program Files\Java\jdk1.8.0_20\jre\lib\deploy.jar;C:\Program Files\Java\jdk1.8.0_20\jre\lib\javaws.jar;C:\Program Files\Java\jdk1.8.0_20\jre\lib\jce.jar;C:\Program Files\Java\jdk1.8.0_20\jre\lib\jfr.jar;C:\Program Files\Java\jdk1.8.0_20\jre\lib\jfxswt.jar;C:\Program Files\Java\jdk1.8.0_20\jre\lib\jsse.jar;C:\Program Files\Java\jdk1.8.0_20\jre\lib\management-agent.jar;C:\Program Files\Java\jdk1.8.0_20\jre\lib\plugin.jar;C:\Program Files\Java\jdk1.8.0_20\jre\lib\resources.jar;C:\Program Files\Java\jdk1.8.0_20\jre\lib\rt.jar;C:\Program Files\Java\jdk1.8.0_20\jre\lib\ext\access-bridge-64.jar;C:\Program Files\Java\jdk1.8.0_20\jre\lib\ext\cldrdata.jar;C:\Program Files\Java\jdk1.8.0_20\jre\lib\ext\dnsns.jar;C:\Program Files\Java\jdk1.8.0_20\jre\lib\ext\jaccess.jar;C:\Program Files\Java\jdk1.8.0_20\jre\lib\ext\jfxrt.jar;C:\Program Files\Java\jdk1.8.0_20\jre\lib\ext\localedata.jar;C:\Program Files\Java\jdk1.8.0_20\jre\lib\ext\nashorn.jar;C:\Program Files\Java\jdk1.8.0_20\jre\lib\ext\sunec.jar;C:\Program Files\Java\jdk1.8.0_20\jre\lib\ext\sunjce_provider.jar;C:\Program Files\Java\jdk1.8.0_20\jre\lib\ext\sunmscapi.jar;C:\Program Files\Java\jdk1.8.0_20\jre\lib\ext\sunpkcs11.jar;C:\Program Files\Java\jdk1.8.0_20\jre\lib\ext\zipfs.jar;C:\Users\Sadruddin\IdeaProjects\JSONDiseases\out\production\JSONDiseases;C:\Users\Sadruddin\Desktop\Boston Childrens Interview\json-20150729.jar;C:\Program Files (x86)\JetBrains\IntelliJ IDEA 13.1.4\lib\idea_rt.jar
Launcher Type: SUN_STANDARD

Environment Variables:
CLASSPATH=.;C:\Program Files (x86)\Java\jre7\lib\ext\QTJava.zip
PATH=C:\ProgramData\Oracle\Java\javapath;C:\Program Files (x86)\NVIDIA Corporation\PhysX\Common;C:\Program Files (x86)\Intel\iCLS Client\;C:\Program Files\Intel\iCLS Client\;C:\WINDOWS\system32;C:\WINDOWS;C:\WINDOWS\System32\Wbem;C:\WINDOWS\System32\WindowsPowerShell\v1.0\;C:\Program Files\Intel\Intel(R) Management Engine Components\DAL;C:\Program Files\Intel\Intel(R) Management Engine Components\IPT;C:\Program Files (x86)\Intel\Intel(R) Management Engine Components\DAL;C:\Program Files (x86)\Intel\Intel(R) Management Engine Components\IPT;C:\Program Files\Intel\WiFi\bin\;C:\Program Files\Common Files\Intel\WirelessCommon\;C:\Program Files\Diskeeper Corporation\ExpressCache\;C:\Program Files (x86)\PharosSystems\Core;C:\Program Files (x86)\QuickTime\QTSystem\;C:\Program Files (x86)\Skype\Phone\
USERNAME=Sadruddin
OS=Windows_NT
PROCESSOR_IDENTIFIER=Intel64 Family 6 Model 58 Stepping 9, GenuineIntel



---------------  S Y S T E M  ---------------

OS: Windows 8.1 , 64 bit Build 9600 

CPU:total 8 (4 cores per cpu, 2 threads per core) family 6 model 58 stepping 9, cmov, cx8, fxsr, mmx, sse, sse2, sse3, ssse3, sse4.1, sse4.2, popcnt, avx, aes, clmul, erms, ht, tsc, tscinvbit, tscinv

Memory: 4k page, physical 16723228k(6566360k free), swap 20642132k(3839936k free)

vm_info: Java HotSpot(TM) 64-Bit Server VM (25.20-b23) for windows-amd64 JRE (1.8.0_20-b26), built on Jul 30 2014 13:51:23 by "java_re" with MS VC++ 10.0 (VS2010)

time: Thu Oct 22 15:42:21 2015
elapsed time: 2553 seconds (0d 0h 42m 33s)

